<?xml version="1.0" encoding="UTF-8"?>
<!-- Generated by org.testng.reporters.JUnitXMLReporter -->
<testsuite ignored="1" hostname="DESKTOP-QJINDOB" failures="0" tests="3" name="Test" time="98.577" errors="0" timestamp="2025-08-13T16:58:30 IST">
  <testcase classname="TestNG.BaseClass" name="@BeforeClass CreateBc" time="98.375">
    <failure type="org.openqa.selenium.SessionNotCreatedException" message="Could not start a new session. Response code 500. Message: session not created: DevToolsActivePort file doesn&amp;apos;t exist 
Host info: host: &amp;apos;DESKTOP-QJINDOB&amp;apos;, ip: &amp;apos;10.10.40.137&amp;apos;
Build info: version: &amp;apos;4.27.0&amp;apos;, revision: &amp;apos;d6e718d134&amp;apos;
System info: os.name: &amp;apos;Windows 10&amp;apos;, os.arch: &amp;apos;amd64&amp;apos;, os.version: &amp;apos;10.0&amp;apos;, java.version: &amp;apos;21.0.6&amp;apos;
Driver info: org.openqa.selenium.chrome.ChromeDriver
Command: [null, newSession {capabilities=[Capabilities {browserName: chrome, goog:chromeOptions: {args: [], binary: C:\Program Files\Google\Chr..., extensions: []}}]}]">
      <![CDATA[org.openqa.selenium.SessionNotCreatedException: Could not start a new session. Response code 500. Message: session not created: DevToolsActivePort file doesn't exist 
Host info: host: 'DESKTOP-QJINDOB', ip: '10.10.40.137'
Build info: version: '4.27.0', revision: 'd6e718d134'
System info: os.name: 'Windows 10', os.arch: 'amd64', os.version: '10.0', java.version: '21.0.6'
Driver info: org.openqa.selenium.chrome.ChromeDriver
Command: [null, newSession {capabilities=[Capabilities {browserName: chrome, goog:chromeOptions: {args: [], binary: C:\Program Files\Google\Chr..., extensions: []}}]}]
at org.openqa.selenium.remote.ProtocolHandshake.createSession(ProtocolHandshake.java:114)
at org.openqa.selenium.remote.ProtocolHandshake.createSession(ProtocolHandshake.java:75)
at org.openqa.selenium.remote.ProtocolHandshake.createSession(ProtocolHandshake.java:61)
at org.openqa.selenium.remote.HttpCommandExecutor.execute(HttpCommandExecutor.java:162)
at org.openqa.selenium.remote.service.DriverCommandExecutor.invokeExecute(DriverCommandExecutor.java:216)
at org.openqa.selenium.remote.service.DriverCommandExecutor.execute(DriverCommandExecutor.java:174)
at org.openqa.selenium.remote.RemoteWebDriver.execute(RemoteWebDriver.java:545)
at org.openqa.selenium.remote.RemoteWebDriver.startSession(RemoteWebDriver.java:245)
at org.openqa.selenium.remote.RemoteWebDriver.<init>(RemoteWebDriver.java:174)
at org.openqa.selenium.chromium.ChromiumDriver.<init>(ChromiumDriver.java:114)
at org.openqa.selenium.chrome.ChromeDriver.<init>(ChromeDriver.java:88)
at org.openqa.selenium.chrome.ChromeDriver.<init>(ChromeDriver.java:83)
at org.openqa.selenium.chrome.ChromeDriver.<init>(ChromeDriver.java:51)
at TestNG.BaseClass.CreateBc(BaseClass.java:63)
at java.base/java.util.ArrayList.forEach(ArrayList.java:1596)
... Removed 27 stack frames]]>
    </failure>
  </testcase> <!-- @BeforeClass CreateBc -->
  <testcase classname="TestNG.BaseClass" name="@BeforeMethod CreateBm" time="0.0">
    <skipped/>
  </testcase> <!-- @BeforeMethod CreateBm -->
  <testcase classname="TestNG.BaseClass" name="@AfterMethod CreateAm" time="0.0">
    <skipped/>
  </testcase> <!-- @AfterMethod CreateAm -->
  <testcase classname="TestNG.BaseClass" name="@BeforeMethod CreateBm" time="0.0">
    <skipped/>
  </testcase> <!-- @BeforeMethod CreateBm -->
  <testcase classname="TestNG.BaseClass" name="@AfterMethod CreateAm" time="0.0">
    <skipped/>
  </testcase> <!-- @AfterMethod CreateAm -->
  <testcase classname="TestNG.BaseClass" name="@BeforeMethod CreateBm" time="0.0">
    <skipped/>
  </testcase> <!-- @BeforeMethod CreateBm -->
  <testcase classname="TestNG.BaseClass" name="@AfterMethod CreateAm" time="0.0">
    <skipped/>
  </testcase> <!-- @AfterMethod CreateAm -->
  <testcase classname="TestNG.BaseClass" name="@AfterClass CreateAc" time="0.0">
    <skipped/>
  </testcase> <!-- @AfterClass CreateAc -->
  <testcase classname="TestNG.CreateOrgTest" name="createOrg" time="0.0">
    <skipped/>
  </testcase> <!-- createOrg -->
  <testcase classname="TestNG.CreateOrgTest" name="createOrgWithIndustryAndAccountType" time="0.0">
    <skipped/>
  </testcase> <!-- createOrgWithIndustryAndAccountType -->
  <testcase classname="TestNG.CreateOrgTest" name="createOrgWithPhoneNo" time="0.001">
    <skipped/>
  </testcase> <!-- createOrgWithPhoneNo -->
  <testcase classname="TestNG.BaseClass" name="CreateBs" time="0.0">
    <ignored/>
  </testcase> <!-- CreateBs -->
</testsuite> <!-- Test -->
